<?xml version="1.0" encoding="UTF-8"?>
<!-- Generated by org.testng.reporters.JUnitReportReporter -->
<testsuite skipped="0" hostname="DESKTOP-SK4CTUO" name="files.DynamicJson" tests="3" failures="0" timestamp="2021-07-20T15:04:23 IST" time="5.684" errors="0">
  <testcase name="addBook" time="0.357" classname="files.DynamicJson"/>
  <system-out/>
  <testcase name="addBook" time="0.361" classname="files.DynamicJson"/>
  <system-out/>
  <testcase name="addBook" time="4.966" classname="files.DynamicJson"/>
  <system-out/>
</testsuite> <!-- files.DynamicJson -->
