<?xml version="1.0" encoding="UTF-8"?>
<!-- Generated by org.testng.reporters.JUnitReportReporter -->
<testsuite skipped="0" hostname="Mrinmoys-MacBook-Pro.local" name="files.DynamicJson" tests="3" failures="0" timestamp="2021-07-29T11:32:05 IST" time="3.961" errors="0">
  <testcase name="addBook" time="0.271" classname="files.DynamicJson"/>
  <system-out/>
  <testcase name="addBook" time="0.340" classname="files.DynamicJson"/>
  <system-out/>
  <testcase name="addBook" time="3.350" classname="files.DynamicJson"/>
  <system-out/>
</testsuite> <!-- files.DynamicJson -->
