<?xml version="1.0" encoding="UTF-8"?>
<!-- Generated by org.testng.reporters.JUnitReportReporter -->
<testsuite skipped="0" hostname="Mrinmoys-MacBook-Pro.local" name="restAssured.ExcelDriven" tests="1" failures="0" timestamp="2021-08-02T01:24:30 IST" time="7.163" errors="0">
  <testcase name="addBook" time="7.163" classname="restAssured.ExcelDriven"/>
  <system-out/>
</testsuite> <!-- restAssured.ExcelDriven -->
