<?xml version="1.0" encoding="UTF-8"?>
<!-- Generated by org.testng.reporters.JUnitReportReporter -->
<testsuite skipped="0" hostname="DESKTOP-SK4CTUO" name="files.DynamicJson" tests="1" failures="0" timestamp="2021-07-20T13:28:21 IST" time="2.420" errors="0">
  <testcase name="addBook" time="2.420" classname="files.DynamicJson"/>
  <system-out/>
</testsuite> <!-- files.DynamicJson -->
