<?xml version="1.0" encoding="UTF-8"?>
<!-- Generated by org.testng.reporters.JUnitReportReporter -->
<testsuite skipped="0" hostname="Mrinmoys-MacBook-Pro.local" name="restAssured.SumValidation" tests="1" failures="0" timestamp="2021-07-29T08:41:44 IST" time="1.733" errors="0">
  <testcase name="sumValidation" time="1.733" classname="restAssured.SumValidation"/>
  <system-out/>
</testsuite> <!-- restAssured.SumValidation -->
