<?xml version="1.0" encoding="UTF-8"?>
<!-- Generated by org.testng.reporters.JUnitReportReporter -->
<testsuite skipped="0" hostname="DESKTOP-SK4CTUO" name="files.DynamicJson2" tests="1" failures="0" timestamp="2021-07-20T13:32:47 IST" time="2.552" errors="0">
  <testcase name="addBook" time="2.552" classname="files.DynamicJson2"/>
  <system-out/>
</testsuite> <!-- files.DynamicJson2 -->
