<?xml version="1.0" encoding="UTF-8"?>
<!-- Generated by org.testng.reporters.JUnitReportReporter -->
<testsuite skipped="0" hostname="DESKTOP-SK4CTUO" name="SumValidation" tests="1" failures="0" timestamp="2021-07-20T11:40:43 IST" time="1.073" errors="0">
  <testcase name="sumValidation" time="1.073" classname="SumValidation"/>
  <system-out/>
</testsuite> <!-- SumValidation -->
